2018-03-28 21:11:58.785  INFO 19868 --- [restartedMain] com.revature.Project2AlphaApplication    : Starting Project2AlphaApplication on DESKTOP-J2 with PID 19868 (C:\Users\Jennifer\Desktop\Proj2\SpringDataBoot\Project2Alpha\target\classes started by Jennifer in C:\Users\Jennifer\Desktop\Proj2\SpringDataBoot\Project2Alpha)
2018-03-28 21:11:58.787  INFO 19868 --- [restartedMain] com.revature.Project2AlphaApplication    : No active profile set, falling back to default profiles: default
2018-03-28 21:11:58.878  INFO 19868 --- [restartedMain] ConfigServletWebServerApplicationContext : Refreshing org.springframework.boot.web.servlet.context.AnnotationConfigServletWebServerApplicationContext@2ab2ed89: startup date [Wed Mar 28 21:11:58 EDT 2018]; root of context hierarchy
2018-03-28 21:12:01.449  INFO 19868 --- [restartedMain] o.s.b.f.s.DefaultListableBeanFactory     : Overriding bean definition for bean 'httpRequestHandlerAdapter' with a different definition: replacing [Root bean: class [null]; scope=; abstract=false; lazyInit=false; autowireMode=3; dependencyCheck=0; autowireCandidate=true; primary=false; factoryBeanName=org.springframework.boot.autoconfigure.web.servlet.WebMvcAutoConfiguration$EnableWebMvcConfiguration; factoryMethodName=httpRequestHandlerAdapter; initMethodName=null; destroyMethodName=(inferred); defined in class path resource [org/springframework/boot/autoconfigure/web/servlet/WebMvcAutoConfiguration$EnableWebMvcConfiguration.class]] with [Root bean: class [null]; scope=; abstract=false; lazyInit=false; autowireMode=3; dependencyCheck=0; autowireCandidate=true; primary=false; factoryBeanName=org.springframework.data.rest.webmvc.config.RepositoryRestMvcConfiguration; factoryMethodName=httpRequestHandlerAdapter; initMethodName=null; destroyMethodName=(inferred); defined in class path resource [org/springframework/data/rest/webmvc/config/RepositoryRestMvcConfiguration.class]]
2018-03-28 21:12:02.441  INFO 19868 --- [restartedMain] trationDelegate$BeanPostProcessorChecker : Bean 'org.springframework.transaction.annotation.ProxyTransactionManagementConfiguration' of type [org.springframework.transaction.annotation.ProxyTransactionManagementConfiguration$$EnhancerBySpringCGLIB$$8c3d964c] is not eligible for getting processed by all BeanPostProcessors (for example: not eligible for auto-proxying)
2018-03-28 21:12:03.614  INFO 19868 --- [restartedMain] o.s.b.w.embedded.tomcat.TomcatWebServer  : Tomcat initialized with port(s): 8080 (http)
2018-03-28 21:12:03.662  INFO 19868 --- [restartedMain] o.apache.catalina.core.StandardService   : Starting service [Tomcat]
2018-03-28 21:12:03.662  INFO 19868 --- [restartedMain] org.apache.catalina.core.StandardEngine  : Starting Servlet Engine: Apache Tomcat/8.5.28
2018-03-28 21:12:03.680  INFO 19868 --- [localhost-startStop-1] o.a.catalina.core.AprLifecycleListener   : Loaded APR based Apache Tomcat Native library [1.2.16] using APR version [1.6.3].
2018-03-28 21:12:03.681  INFO 19868 --- [localhost-startStop-1] o.a.catalina.core.AprLifecycleListener   : APR capabilities: IPv6 [true], sendfile [true], accept filters [false], random [true].
2018-03-28 21:12:03.681  INFO 19868 --- [localhost-startStop-1] o.a.catalina.core.AprLifecycleListener   : APR/OpenSSL configuration: useAprConnector [false], useOpenSSL [true]
2018-03-28 21:12:04.766  INFO 19868 --- [localhost-startStop-1] o.a.catalina.core.AprLifecycleListener   : OpenSSL successfully initialized [OpenSSL 1.0.2m  2 Nov 2017]
2018-03-28 21:12:05.076  INFO 19868 --- [localhost-startStop-1] o.a.c.c.C.[Tomcat].[localhost].[/]       : Initializing Spring embedded WebApplicationContext
2018-03-28 21:12:05.076  INFO 19868 --- [localhost-startStop-1] o.s.web.context.ContextLoader            : Root WebApplicationContext: initialization completed in 6198 ms
2018-03-28 21:12:05.513  INFO 19868 --- [localhost-startStop-1] o.s.b.w.servlet.FilterRegistrationBean   : Mapping filter: 'characterEncodingFilter' to: [/*]
2018-03-28 21:12:05.514  INFO 19868 --- [localhost-startStop-1] o.s.b.w.servlet.FilterRegistrationBean   : Mapping filter: 'hiddenHttpMethodFilter' to: [/*]
2018-03-28 21:12:05.515  INFO 19868 --- [localhost-startStop-1] o.s.b.w.servlet.FilterRegistrationBean   : Mapping filter: 'httpPutFormContentFilter' to: [/*]
2018-03-28 21:12:05.515  INFO 19868 --- [localhost-startStop-1] o.s.b.w.servlet.FilterRegistrationBean   : Mapping filter: 'requestContextFilter' to: [/*]
2018-03-28 21:12:05.516  INFO 19868 --- [localhost-startStop-1] .s.DelegatingFilterProxyRegistrationBean : Mapping filter: 'springSecurityFilterChain' to: [/*]
2018-03-28 21:12:05.516  INFO 19868 --- [localhost-startStop-1] o.s.b.w.servlet.ServletRegistrationBean  : Servlet dispatcherServlet mapped to [/]
2018-03-28 21:12:05.518  INFO 19868 --- [localhost-startStop-1] o.s.b.w.servlet.ServletRegistrationBean  : Servlet webServlet mapped to [/h2/*]
2018-03-28 21:12:05.935  INFO 19868 --- [restartedMain] com.zaxxer.hikari.HikariDataSource       : HikariPool-1 - Starting...
2018-03-28 21:12:05.943  WARN 19868 --- [restartedMain] com.zaxxer.hikari.util.DriverDataSource  : Registered driver with driverClassName=oracle.jdbc.driver.OracleDriver was not found, trying direct instantiation.
2018-03-28 21:12:07.393  INFO 19868 --- [restartedMain] com.zaxxer.hikari.HikariDataSource       : HikariPool-1 - Start completed.
2018-03-28 21:12:07.516  INFO 19868 --- [restartedMain] j.LocalContainerEntityManagerFactoryBean : Building JPA container EntityManagerFactory for persistence unit 'default'
2018-03-28 21:12:17.110  INFO 19868 --- [restartedMain] j.LocalContainerEntityManagerFactoryBean : Initialized JPA EntityManagerFactory for persistence unit 'default'
