[INFO ] 2018-03-29 08:40:33.457 [main] Project2AlphaApplication - Started App
[INFO ] 2018-03-29 08:40:33.833 [restartedMain] Project2AlphaApplication - Started App
[INFO ] 2018-03-29 08:40:34.489 [restartedMain] Project2AlphaApplication - Starting Project2AlphaApplication on DESKTOP-J2 with PID 15012 (C:\Users\Jennifer\Desktop\Proj2\SpringDataBoot\Project2Alpha\target\classes started by Jennifer in C:\Users\Jennifer\Desktop\Proj2\SpringDataBoot\Project2Alpha)
[DEBUG] 2018-03-29 08:40:34.490 [restartedMain] Project2AlphaApplication - Running with Spring Boot v2.0.0.RELEASE, Spring v5.0.4.RELEASE
[INFO ] 2018-03-29 08:40:34.491 [restartedMain] Project2AlphaApplication - No active profile set, falling back to default profiles: default
[INFO ] 2018-03-29 08:41:33.887 [restartedMain] Project2AlphaApplication - Started Project2AlphaApplication in 60.043 seconds (JVM running for 62.076)
[INFO ] 2018-03-29 08:42:03.449 [http-nio-8080-exec-6] FrontController - Logging in User:
	 User [id=null, email=j@gmi, firstName=null, lastName=null, genderId=null, phoneNumber=null, dob=null, profileUrl=null]
[INFO ] 2018-03-29 08:42:03.450 [http-nio-8080-exec-6] UserService - Found User in DB:
	j@gmi test
[ERROR] 2018-03-29 08:42:03.872 [http-nio-8080-exec-6] UserService - Password does not match email
[WARN ] 2018-03-29 08:42:03.872 [http-nio-8080-exec-6] FrontController - No user Found with email password combination
[INFO ] 2018-03-29 08:43:14.759 [http-nio-8080-exec-2] FrontController - Logging in User:
	 User [id=null, email=j@gmi, firstName=null, lastName=null, genderId=null, phoneNumber=null, dob=null, profileUrl=null]
[INFO ] 2018-03-29 08:43:14.760 [http-nio-8080-exec-2] UserService - Found User in DB:
	j@gmi test
[ERROR] 2018-03-29 08:43:14.835 [http-nio-8080-exec-2] UserService - Password does not match email
[WARN ] 2018-03-29 08:43:14.835 [http-nio-8080-exec-2] FrontController - No user Found with email password combination
[INFO ] 2018-03-29 08:43:25.622 [http-nio-8080-exec-6] FrontController - Registering User:
	 User [id=null, email=asdf, firstName=null, lastName=null, genderId=null, phoneNumber=null, dob=null, profileUrl=null]
[INFO ] 2018-03-29 08:43:25.749 [http-nio-8080-exec-6] UserService - Found User in DB:
	asdf
[INFO ] 2018-03-29 08:43:25.750 [http-nio-8080-exec-6] UserService - Saving User to DB:
	User [id=null, email=asdf, firstName=null, lastName=null, genderId=null, phoneNumber=null, dob=null, profileUrl=null]
[DEBUG] 2018-03-29 08:43:25.950 [http-nio-8080-exec-6] UserService - Password Encryption = $2a$10$UU5BXPRX5qt.1xRQuvf1kufeOpkFTDGlZluQ9YmyuPgYp.i4paDrW
[INFO ] 2018-03-29 08:43:26.200 [http-nio-8080-exec-6] EmailServiceImpl - Sending simple message asdf
[INFO ] 2018-03-29 08:43:31.388 [http-nio-8080-exec-10] FrontController - Logging in User:
	 User [id=null, email=asdf, firstName=null, lastName=null, genderId=null, phoneNumber=null, dob=null, profileUrl=null]
[INFO ] 2018-03-29 08:43:31.389 [http-nio-8080-exec-10] UserService - Found User in DB:
	asdf test
[INFO ] 2018-03-29 08:43:31.690 [http-nio-8080-exec-10] UserService - Password matches email
[INFO ] 2018-03-29 08:43:31.868 [http-nio-8080-exec-1] FrontController - Getting Feed:
	 
[INFO ] 2018-03-29 08:43:31.869 [http-nio-8080-exec-1] PostService - Getting last 20 posts:
	
[INFO ] 2018-03-29 08:43:42.348 [http-nio-8080-exec-4] FrontController - Saving Post:
	 Post [id=0, likes=null, content=Hi yall, youtubeUrl=null, imageUrl=null, author=User [id=5, email=null, firstName=null, lastName=null, genderId=null, phoneNumber=null, dob=null, profileUrl=null], dateCreated=null]
[INFO ] 2018-03-29 08:43:42.349 [http-nio-8080-exec-4] PostService - Saving Post to DB:
	Post [id=0, likes=null, content=Hi yall, youtubeUrl=null, imageUrl=null, author=User [id=5, email=null, firstName=null, lastName=null, genderId=null, phoneNumber=null, dob=null, profileUrl=null], dateCreated=null]
[INFO ] 2018-03-29 08:43:45.356 [http-nio-8080-exec-8] FrontController - Getting Feed:
	 
[INFO ] 2018-03-29 08:43:45.356 [http-nio-8080-exec-8] PostService - Getting last 20 posts:
	
[INFO ] 2018-03-29 08:44:25.237 [http-nio-8080-exec-2] FrontController - Updating User:
	 User [id=null, email=null, firstName=Jennifer, lastName=Fox, genderId=female, phoneNumber=12345678, dob=null, profileUrl=null]
[INFO ] 2018-03-29 08:44:25.320 [http-nio-8080-exec-2] UserService - Updating User
	User [id=null, email=null, firstName=Jennifer, lastName=Fox, genderId=female, phoneNumber=12345678, dob=null, profileUrl=null]
in DB with:
	User [id=5, email=asdf, firstName=null, lastName=null, genderId=null, phoneNumber=null, dob=null, profileUrl=null]
[INFO ] 2018-03-29 08:44:57.962 [http-nio-8080-exec-3] FrontController - Updating Profile Pic:
	 multipartFile
[INFO ] 2018-03-29 08:44:58.726 [http-nio-8080-exec-3] UserService - Updating user picture in DB:+
	5 1522327497965-bekcy.jpg
[INFO ] 2018-03-29 08:44:58.874 [http-nio-8080-exec-3] FrontController - 1522327497965-bekcy.jpg
[INFO ] 2018-03-29 08:44:58.875 [http-nio-8080-exec-3] UserService - Found User in DB:
	5
[INFO ] 2018-03-29 08:45:11.082 [http-nio-8080-exec-10] FrontController - Getting Feed:
	 
[INFO ] 2018-03-29 08:45:11.083 [http-nio-8080-exec-10] PostService - Getting last 20 posts:
	
[INFO ] 2018-03-29 08:45:13.796 [http-nio-8080-exec-1] FrontController - Finding users matching:
	 jen
[INFO ] 2018-03-29 08:45:13.797 [http-nio-8080-exec-1] UserService - Getting all users matching name:
	jen
[INFO ] 2018-03-29 08:45:15.812 [http-nio-8080-exec-7] FrontController - Getting user profile:
	 1
[INFO ] 2018-03-29 08:45:15.812 [http-nio-8080-exec-7] UserService - Found User in DB:
	1
